<?xml version="1.0" encoding="UTF-8"?>
<!-- Generated by org.testng.reporters.JUnitReportReporter -->
<testsuite hostname="ASUS_123" failures="0" tests="1" name="TC_ELECTRONIC_03.Electronic_Page_Test" time="19.128" errors="0" timestamp="2024-07-16T23:03:43 IST" skipped="0">
  <testcase classname="TC_ELECTRONIC_03.Electronic_Page_Test" name="electronic" time="19.128"/>
  <system-out/>
</testsuite> <!-- TC_ELECTRONIC_03.Electronic_Page_Test -->
