<?xml version="1.0" encoding="UTF-8"?>
<!-- Generated by org.testng.reporters.JUnitReportReporter -->
<testsuite hostname="ASUS_123" failures="0" tests="1" name="TC_APPAREL_SHOES_04.Apparel_Page_Test" time="16.256" errors="0" timestamp="2024-07-16T23:03:43 IST" skipped="0">
  <testcase classname="TC_APPAREL_SHOES_04.Apparel_Page_Test" name="apparel" time="16.256"/>
  <system-out/>
</testsuite> <!-- TC_APPAREL_SHOES_04.Apparel_Page_Test -->
