<?xml version="1.0" encoding="UTF-8"?>
<!-- Generated by org.testng.reporters.JUnitReportReporter -->
<testsuite hostname="ASUS_123" failures="0" tests="1" name="TC_BOOK_DEMO_01.Book_Page" time="18.227" errors="0" timestamp="2024-07-14T14:47:58 IST" skipped="0">
  <testcase classname="TC_BOOK_DEMO_01.Book_Page" name="book" time="18.227"/>
  <system-out/>
</testsuite> <!-- TC_BOOK_DEMO_01.Book_Page -->
