<?xml version="1.0" encoding="UTF-8"?>
<!-- Generated by org.testng.reporters.JUnitReportReporter -->
<testsuite hostname="ASUS_123" failures="0" tests="1" name="TC_BOOK_DEMO_01.Computer_Page_Test" time="17.610" errors="0" timestamp="2024-07-15T07:58:22 IST" skipped="0">
  <testcase classname="TC_BOOK_DEMO_01.Computer_Page_Test" name="computer" time="17.610"/>
  <system-out/>
</testsuite> <!-- TC_BOOK_DEMO_01.Computer_Page_Test -->
