<?xml version="1.0" encoding="UTF-8"?>
<!-- Generated by org.testng.reporters.JUnitReportReporter -->
<testsuite hostname="ASUS_123" failures="0" tests="1" name="TC_BOOK_DEMO_01.Book_Page_Test" time="5.935" errors="0" timestamp="2024-07-16T22:34:27 IST" skipped="0">
  <testcase classname="TC_BOOK_DEMO_01.Book_Page_Test" name="book" time="5.935"/>
  <system-out/>
</testsuite> <!-- TC_BOOK_DEMO_01.Book_Page_Test -->
