<?xml version="1.0" encoding="UTF-8"?>
<!-- Generated by org.testng.reporters.JUnitReportReporter -->
<testsuite hostname="ASUS_123" failures="0" tests="1" name="TC_COMPUTER_02.Computer_Page_Test" time="7.849" errors="0" timestamp="2024-07-16T22:34:27 IST" skipped="0">
  <testcase classname="TC_COMPUTER_02.Computer_Page_Test" name="computer" time="7.849"/>
  <system-out/>
</testsuite> <!-- TC_COMPUTER_02.Computer_Page_Test -->
